==> (2022, 8, 15, 0, 47, 14) | [MyEasylogger] 日志建立
==> (2022, 8, 15, 0, 47, 14) | [MyEasylogger] MyEasylogger类被实例化
==> (2022, 8, 15, 0, 47, 14) | [MyEasylogger] MyEasylogger类被实例化
==> (2022, 8, 15, 0, 47, 14) | [debug] DrSTONE不存在, 创建成功
==> (2022, 8, 15, 0, 47, 15) | [log] Dr.STONE石纪元第 001 话html创建完成...
==> (2022, 8, 15, 0, 47, 15) | [log] Dr.STONE石纪元第 002 话html创建完成...
==> (2022, 8, 15, 0, 47, 15) | [log] Dr.STONE石纪元第 003 话html创建完成...
==> (2022, 8, 15, 0, 47, 15) | [log] Dr.STONE石纪元第 004 话html创建完成...
==> (2022, 8, 15, 0, 47, 15) | [log] Dr.STONE石纪元第 005 话html创建完成...
==> (2022, 8, 15, 0, 47, 15) | [log] Dr.STONE石纪元第 006 话html创建完成...
==> (2022, 8, 15, 0, 47, 15) | [log] Dr.STONE石纪元第 007 话html创建完成...
==> (2022, 8, 15, 0, 47, 15) | [log] Dr.STONE石纪元第 008 话html创建完成...
==> (2022, 8, 15, 0, 47, 15) | [log] Dr.STONE石纪元第 009 话html创建完成...
==> (2022, 8, 15, 0, 47, 15) | [log] Dr.STONE石纪元第 010 话html创建完成...
==> (2022, 8, 15, 0, 47, 15) | [log] Dr.STONE石纪元第 011 话html创建完成...
==> (2022, 8, 15, 0, 47, 15) | [log] Dr.STONE石纪元第 012 话html创建完成...
==> (2022, 8, 15, 0, 47, 15) | [log] Dr.STONE石纪元第 013 话html创建完成...
==> (2022, 8, 15, 0, 47, 15) | [log] Dr.STONE石纪元第 014 话html创建完成...
==> (2022, 8, 15, 0, 47, 15) | [log] Dr.STONE石纪元第 015 话html创建完成...
==> (2022, 8, 15, 0, 47, 15) | [log] Dr.STONE石纪元第 016 话html创建完成...
==> (2022, 8, 15, 0, 47, 15) | [log] Dr.STONE石纪元第 017 话html创建完成...
==> (2022, 8, 15, 0, 47, 15) | [log] Dr.STONE石纪元第 018 话html创建完成...
==> (2022, 8, 15, 0, 47, 15) | [log] Dr.STONE石纪元第 019 话html创建完成...
==> (2022, 8, 15, 0, 47, 15) | [log] Dr.STONE石纪元第 020 话html创建完成...
==> (2022, 8, 15, 0, 47, 15) | [log] Dr.STONE石纪元第 021 话html创建完成...
==> (2022, 8, 15, 0, 47, 15) | [log] Dr.STONE石纪元第 022 话html创建完成...
==> (2022, 8, 15, 0, 47, 15) | [log] Dr.STONE石纪元第 023 话html创建完成...
==> (2022, 8, 15, 0, 47, 15) | [log] Dr.STONE石纪元第 024 话html创建完成...
==> (2022, 8, 15, 0, 47, 15) | [log] Dr.STONE石纪元第 025 话html创建完成...
==> (2022, 8, 15, 0, 47, 15) | [log] Dr.STONE石纪元第 026 话html创建完成...
==> (2022, 8, 15, 0, 47, 15) | [log] Dr.STONE石纪元第 027 话html创建完成...
==> (2022, 8, 15, 0, 47, 15) | [log] Dr.STONE石纪元第 028 话html创建完成...
==> (2022, 8, 15, 0, 47, 15) | [log] Dr.STONE石纪元第 029 话html创建完成...
==> (2022, 8, 15, 0, 47, 15) | [log] Dr.STONE石纪元第 030 话html创建完成...
==> (2022, 8, 15, 0, 47, 15) | [log] Dr.STONE石纪元第 031 话html创建完成...
==> (2022, 8, 15, 0, 47, 15) | [log] Dr.STONE石纪元第 032 话html创建完成...
==> (2022, 8, 15, 0, 47, 15) | [log] Dr.STONE石纪元第 033 话html创建完成...
==> (2022, 8, 15, 0, 47, 15) | [log] Dr.STONE石纪元第 034 话html创建完成...
==> (2022, 8, 15, 0, 47, 15) | [log] Dr.STONE石纪元第 035 话html创建完成...
==> (2022, 8, 15, 0, 47, 15) | [log] Dr.STONE石纪元第 036 话html创建完成...
==> (2022, 8, 15, 0, 47, 15) | [log] Dr.STONE石纪元第 037 话html创建完成...
==> (2022, 8, 15, 0, 47, 15) | [log] Dr.STONE石纪元第 038 话html创建完成...
==> (2022, 8, 15, 0, 47, 15) | [log] Dr.STONE石纪元第 039 话html创建完成...
==> (2022, 8, 15, 0, 47, 15) | [log] Dr.STONE石纪元第 040 话html创建完成...
==> (2022, 8, 15, 0, 47, 15) | [log] Dr.STONE石纪元第 041 话html创建完成...
==> (2022, 8, 15, 0, 47, 15) | [log] Dr.STONE石纪元第 042 话html创建完成...
==> (2022, 8, 15, 0, 47, 15) | [log] Dr.STONE石纪元第 043 话html创建完成...
==> (2022, 8, 15, 0, 47, 15) | [log] Dr.STONE石纪元第 044 话html创建完成...
==> (2022, 8, 15, 0, 47, 15) | [log] Dr.STONE石纪元第 045 话html创建完成...
==> (2022, 8, 15, 0, 47, 15) | [log] Dr.STONE石纪元第 046 话html创建完成...
==> (2022, 8, 15, 0, 47, 15) | [log] Dr.STONE石纪元第 047 话html创建完成...
==> (2022, 8, 15, 0, 47, 15) | [log] Dr.STONE石纪元第 048 话html创建完成...
==> (2022, 8, 15, 0, 47, 15) | [log] Dr.STONE石纪元第 049 话html创建完成...
==> (2022, 8, 15, 0, 47, 15) | [log] Dr.STONE石纪元第 050 话html创建完成...
==> (2022, 8, 15, 0, 47, 15) | [log] Dr.STONE石纪元第 051 话html创建完成...
==> (2022, 8, 15, 0, 47, 15) | [log] Dr.STONE石纪元第 052 话html创建完成...
==> (2022, 8, 15, 0, 47, 15) | [log] Dr.STONE石纪元第 053 话html创建完成...
==> (2022, 8, 15, 0, 47, 15) | [log] Dr.STONE石纪元第 054 话html创建完成...
==> (2022, 8, 15, 0, 47, 15) | [log] Dr.STONE石纪元第 055 话html创建完成...
==> (2022, 8, 15, 0, 47, 15) | [log] Dr.STONE石纪元第 056 话html创建完成...
==> (2022, 8, 15, 0, 47, 15) | [log] Dr.STONE石纪元第 057 话html创建完成...
==> (2022, 8, 15, 0, 47, 15) | [log] Dr.STONE石纪元第 058 话html创建完成...
==> (2022, 8, 15, 0, 47, 15) | [log] Dr.STONE石纪元第 059 话html创建完成...
==> (2022, 8, 15, 0, 47, 15) | [log] Dr.STONE石纪元第 060 话html创建完成...
==> (2022, 8, 15, 0, 47, 15) | [log] Dr.STONE石纪元第 061 话html创建完成...
==> (2022, 8, 15, 0, 47, 15) | [log] Dr.STONE石纪元第 062 话html创建完成...
==> (2022, 8, 15, 0, 47, 15) | [log] Dr.STONE石纪元第 063 话html创建完成...
==> (2022, 8, 15, 0, 47, 15) | [log] Dr.STONE石纪元第 064 话html创建完成...
==> (2022, 8, 15, 0, 47, 15) | [log] Dr.STONE石纪元第 065 话html创建完成...
==> (2022, 8, 15, 0, 47, 15) | [log] Dr.STONE石纪元第 066 话html创建完成...
==> (2022, 8, 15, 0, 47, 15) | [log] Dr.STONE石纪元第 067 话html创建完成...
==> (2022, 8, 15, 0, 47, 15) | [log] Dr.STONE石纪元第 068 话html创建完成...
==> (2022, 8, 15, 0, 47, 15) | [log] Dr.STONE石纪元第 069 话html创建完成...
==> (2022, 8, 15, 0, 47, 15) | [log] Dr.STONE石纪元第 070 话html创建完成...
==> (2022, 8, 15, 0, 47, 15) | [log] Dr.STONE石纪元第 071 话html创建完成...
==> (2022, 8, 15, 0, 47, 15) | [log] Dr.STONE石纪元第 072 话html创建完成...
==> (2022, 8, 15, 0, 47, 15) | [log] Dr.STONE石纪元第 073 话html创建完成...
==> (2022, 8, 15, 0, 47, 15) | [log] Dr.STONE石纪元第 074 话html创建完成...
==> (2022, 8, 15, 0, 47, 15) | [log] Dr.STONE石纪元第 075 话html创建完成...
==> (2022, 8, 15, 0, 47, 15) | [log] Dr.STONE石纪元第 076 话html创建完成...
==> (2022, 8, 15, 0, 47, 15) | [log] Dr.STONE石纪元第 077 话html创建完成...
==> (2022, 8, 15, 0, 47, 15) | [log] Dr.STONE石纪元第 078 话html创建完成...
==> (2022, 8, 15, 0, 47, 15) | [log] Dr.STONE石纪元第 079 话html创建完成...
==> (2022, 8, 15, 0, 47, 15) | [log] Dr.STONE石纪元第 080 话html创建完成...
==> (2022, 8, 15, 0, 47, 15) | [log] Dr.STONE石纪元第 081 话html创建完成...
==> (2022, 8, 15, 0, 47, 15) | [log] Dr.STONE石纪元第 082 话html创建完成...
==> (2022, 8, 15, 0, 47, 15) | [log] Dr.STONE石纪元第 083 话html创建完成...
==> (2022, 8, 15, 0, 47, 15) | [log] Dr.STONE石纪元第 084 话html创建完成...
==> (2022, 8, 15, 0, 47, 15) | [log] Dr.STONE石纪元第 085 话html创建完成...
==> (2022, 8, 15, 0, 47, 15) | [log] Dr.STONE石纪元第 086 话html创建完成...
==> (2022, 8, 15, 0, 47, 15) | [log] Dr.STONE石纪元第 087 话html创建完成...
==> (2022, 8, 15, 0, 47, 15) | [log] Dr.STONE石纪元第 088 话html创建完成...
==> (2022, 8, 15, 0, 47, 15) | [log] Dr.STONE石纪元第 089 话html创建完成...
==> (2022, 8, 15, 0, 47, 15) | [log] Dr.STONE石纪元第 090 话html创建完成...
==> (2022, 8, 15, 0, 47, 15) | [log] Dr.STONE石纪元第 091 话html创建完成...
==> (2022, 8, 15, 0, 47, 15) | [log] Dr.STONE石纪元第 092 话html创建完成...
==> (2022, 8, 15, 0, 47, 15) | [log] Dr.STONE石纪元第 093 话html创建完成...
==> (2022, 8, 15, 0, 47, 15) | [log] Dr.STONE石纪元第 094 话html创建完成...
==> (2022, 8, 15, 0, 47, 15) | [log] Dr.STONE石纪元第 095 话html创建完成...
==> (2022, 8, 15, 0, 47, 15) | [log] Dr.STONE石纪元第 096 话html创建完成...
==> (2022, 8, 15, 0, 47, 15) | [log] Dr.STONE石纪元第 097 话html创建完成...
==> (2022, 8, 15, 0, 47, 15) | [log] Dr.STONE石纪元第 098 话html创建完成...
==> (2022, 8, 15, 0, 47, 15) | [log] Dr.STONE石纪元第 099 话html创建完成...
==> (2022, 8, 15, 0, 47, 15) | [log] Dr.STONE石纪元第 100 话html创建完成...
==> (2022, 8, 15, 0, 47, 15) | [log] Dr.STONE石纪元第 101 话html创建完成...
==> (2022, 8, 15, 0, 47, 15) | [log] Dr.STONE石纪元第 102 话html创建完成...
==> (2022, 8, 15, 0, 47, 15) | [log] Dr.STONE石纪元第 103 话html创建完成...
==> (2022, 8, 15, 0, 47, 15) | [log] Dr.STONE石纪元第 104 话html创建完成...
==> (2022, 8, 15, 0, 47, 15) | [log] Dr.STONE石纪元第 105 话html创建完成...
==> (2022, 8, 15, 0, 47, 15) | [log] Dr.STONE石纪元第 106 话html创建完成...
==> (2022, 8, 15, 0, 47, 15) | [log] Dr.STONE石纪元第 107 话html创建完成...
==> (2022, 8, 15, 0, 47, 15) | [log] Dr.STONE石纪元第 108 话html创建完成...
==> (2022, 8, 15, 0, 47, 15) | [log] Dr.STONE石纪元第 109 话html创建完成...
==> (2022, 8, 15, 0, 47, 15) | [log] Dr.STONE石纪元第 110 话html创建完成...
==> (2022, 8, 15, 0, 47, 15) | [log] Dr.STONE石纪元第 111 话html创建完成...
==> (2022, 8, 15, 0, 47, 15) | [log] Dr.STONE石纪元第 112 话html创建完成...
==> (2022, 8, 15, 0, 47, 15) | [log] Dr.STONE石纪元第 113 话html创建完成...
==> (2022, 8, 15, 0, 47, 15) | [log] Dr.STONE石纪元第 114 话html创建完成...
==> (2022, 8, 15, 0, 47, 15) | [log] Dr.STONE石纪元第 115 话html创建完成...
==> (2022, 8, 15, 0, 47, 15) | [log] Dr.STONE石纪元第 116 话html创建完成...
==> (2022, 8, 15, 0, 47, 15) | [log] Dr.STONE石纪元第 117 话html创建完成...
==> (2022, 8, 15, 0, 47, 15) | [log] Dr.STONE石纪元第 118 话html创建完成...
==> (2022, 8, 15, 0, 47, 15) | [log] Dr.STONE石纪元第 119 话html创建完成...
==> (2022, 8, 15, 0, 47, 15) | [log] Dr.STONE石纪元第 120 话html创建完成...
==> (2022, 8, 15, 0, 47, 15) | [log] Dr.STONE石纪元第 121 话html创建完成...
==> (2022, 8, 15, 0, 47, 15) | [log] Dr.STONE石纪元第 122 话html创建完成...
==> (2022, 8, 15, 0, 47, 15) | [log] Dr.STONE石纪元第 123 话html创建完成...
==> (2022, 8, 15, 0, 47, 15) | [log] Dr.STONE石纪元第 124 话html创建完成...
==> (2022, 8, 15, 0, 47, 15) | [log] Dr.STONE石纪元第 125 话html创建完成...
==> (2022, 8, 15, 0, 47, 15) | [log] Dr.STONE石纪元第 126 话html创建完成...
==> (2022, 8, 15, 0, 47, 15) | [log] Dr.STONE石纪元第 127 话html创建完成...
==> (2022, 8, 15, 0, 47, 15) | [log] Dr.STONE石纪元第 128 话html创建完成...
==> (2022, 8, 15, 0, 47, 15) | [log] Dr.STONE石纪元第 129 话html创建完成...
==> (2022, 8, 15, 0, 47, 15) | [log] Dr.STONE石纪元第 130 话html创建完成...
==> (2022, 8, 15, 0, 47, 15) | [log] Dr.STONE石纪元第 131 话html创建完成...
==> (2022, 8, 15, 0, 47, 15) | [log] Dr.STONE石纪元第 132 话html创建完成...
==> (2022, 8, 15, 0, 47, 15) | [log] Dr.STONE石纪元第 133 话html创建完成...
==> (2022, 8, 15, 0, 47, 15) | [log] Dr.STONE石纪元第 134 话html创建完成...
==> (2022, 8, 15, 0, 47, 15) | [log] Dr.STONE石纪元第 135 话html创建完成...
==> (2022, 8, 15, 0, 47, 15) | [log] Dr.STONE石纪元第 136 话html创建完成...
==> (2022, 8, 15, 0, 47, 15) | [log] Dr.STONE石纪元第 137 话html创建完成...
==> (2022, 8, 15, 0, 47, 15) | [log] Dr.STONE石纪元第 138 话html创建完成...
==> (2022, 8, 15, 0, 47, 15) | [log] Dr.STONE石纪元第 139 话html创建完成...
==> (2022, 8, 15, 0, 47, 15) | [log] Dr.STONE石纪元第 140 话html创建完成...
==> (2022, 8, 15, 0, 47, 15) | [log] Dr.STONE石纪元第 141 话html创建完成...
==> (2022, 8, 15, 0, 47, 15) | [log] Dr.STONE石纪元第 142 话html创建完成...
==> (2022, 8, 15, 0, 47, 15) | [log] Dr.STONE石纪元第 143 话html创建完成...
==> (2022, 8, 15, 0, 47, 15) | [log] Dr.STONE石纪元第 144 话html创建完成...
==> (2022, 8, 15, 0, 47, 15) | [log] Dr.STONE石纪元第 145 话html创建完成...
==> (2022, 8, 15, 0, 47, 15) | [log] Dr.STONE石纪元第 146 话html创建完成...
==> (2022, 8, 15, 0, 47, 15) | [log] Dr.STONE石纪元第 147 话html创建完成...
==> (2022, 8, 15, 0, 47, 15) | [log] Dr.STONE石纪元第 148 话html创建完成...
==> (2022, 8, 15, 0, 47, 15) | [log] Dr.STONE石纪元第 149 话html创建完成...
==> (2022, 8, 15, 0, 47, 15) | [log] Dr.STONE石纪元第 150 话html创建完成...
==> (2022, 8, 15, 0, 47, 15) | [log] Dr.STONE石纪元第 151 话html创建完成...
==> (2022, 8, 15, 0, 47, 15) | [log] Dr.STONE石纪元第 152 话html创建完成...
==> (2022, 8, 15, 0, 47, 15) | [log] Dr.STONE石纪元第 153 话html创建完成...
==> (2022, 8, 15, 0, 47, 15) | [log] Dr.STONE石纪元第 154 话html创建完成...
==> (2022, 8, 15, 0, 47, 15) | [log] Dr.STONE石纪元第 155 话html创建完成...
==> (2022, 8, 15, 0, 47, 15) | [log] Dr.STONE石纪元第 156 话html创建完成...
==> (2022, 8, 15, 0, 47, 15) | [log] Dr.STONE石纪元第 157 话html创建完成...
==> (2022, 8, 15, 0, 47, 15) | [log] Dr.STONE石纪元第 158 话html创建完成...
==> (2022, 8, 15, 0, 47, 15) | [log] Dr.STONE石纪元第 159 话html创建完成...
==> (2022, 8, 15, 0, 47, 15) | [log] Dr.STONE石纪元第 160 话html创建完成...
==> (2022, 8, 15, 0, 47, 15) | [log] Dr.STONE石纪元第 161 话html创建完成...
==> (2022, 8, 15, 0, 47, 15) | [log] Dr.STONE石纪元第 162 话html创建完成...
==> (2022, 8, 15, 0, 47, 15) | [log] Dr.STONE石纪元第 163 话html创建完成...
==> (2022, 8, 15, 0, 47, 15) | [log] Dr.STONE石纪元第 164 话html创建完成...
==> (2022, 8, 15, 0, 47, 15) | [log] Dr.STONE石纪元第 165 话html创建完成...
==> (2022, 8, 15, 0, 47, 15) | [log] Dr.STONE石纪元第 166 话html创建完成...
==> (2022, 8, 15, 0, 47, 15) | [log] Dr.STONE石纪元第 167 话html创建完成...
==> (2022, 8, 15, 0, 47, 15) | [log] Dr.STONE石纪元第 168 话html创建完成...
==> (2022, 8, 15, 0, 47, 15) | [log] Dr.STONE石纪元第 169 话html创建完成...
==> (2022, 8, 15, 0, 47, 15) | [log] Dr.STONE石纪元第 170 话html创建完成...
==> (2022, 8, 15, 0, 47, 15) | [log] Dr.STONE石纪元第 171 话html创建完成...
==> (2022, 8, 15, 0, 47, 15) | [log] Dr.STONE石纪元第 172 话html创建完成...
==> (2022, 8, 15, 0, 47, 15) | [log] Dr.STONE石纪元第 173 话html创建完成...
==> (2022, 8, 15, 0, 47, 15) | [log] Dr.STONE石纪元第 174 话html创建完成...
==> (2022, 8, 15, 0, 47, 15) | [log] Dr.STONE石纪元第 175 话html创建完成...
==> (2022, 8, 15, 0, 47, 15) | [log] Dr.STONE石纪元第 176 话html创建完成...
==> (2022, 8, 15, 0, 47, 15) | [log] Dr.STONE石纪元第 177 话html创建完成...
==> (2022, 8, 15, 0, 47, 15) | [log] Dr.STONE石纪元第 178 话html创建完成...
==> (2022, 8, 15, 0, 47, 15) | [log] Dr.STONE石纪元第 179 话html创建完成...
==> (2022, 8, 15, 0, 47, 15) | [log] Dr.STONE石纪元第 180 话html创建完成...
==> (2022, 8, 15, 0, 47, 15) | [log] Dr.STONE石纪元第 181 话html创建完成...
==> (2022, 8, 15, 0, 47, 15) | [log] Dr.STONE石纪元第 182 话html创建完成...
==> (2022, 8, 15, 0, 47, 15) | [log] Dr.STONE石纪元第 183 话html创建完成...
==> (2022, 8, 15, 0, 47, 15) | [log] Dr.STONE石纪元第 184 话html创建完成...
==> (2022, 8, 15, 0, 47, 15) | [log] Dr.STONE石纪元第 185 话html创建完成...
==> (2022, 8, 15, 0, 47, 15) | [log] Dr.STONE石纪元第 186 话html创建完成...
==> (2022, 8, 15, 0, 47, 15) | [log] Dr.STONE石纪元第 187 话html创建完成...
==> (2022, 8, 15, 0, 47, 15) | [log] Dr.STONE石纪元第 188 话html创建完成...
==> (2022, 8, 15, 0, 47, 15) | [log] Dr.STONE石纪元第 189 话html创建完成...
==> (2022, 8, 15, 0, 47, 15) | [log] Dr.STONE石纪元第 190 话html创建完成...
==> (2022, 8, 15, 0, 47, 15) | [log] Dr.STONE石纪元第 191 话html创建完成...
==> (2022, 8, 15, 0, 47, 15) | [log] Dr.STONE石纪元第 192 话html创建完成...
==> (2022, 8, 15, 0, 47, 15) | [log] Dr.STONE石纪元第 193 话html创建完成...
==> (2022, 8, 15, 0, 47, 15) | [log] Dr.STONE石纪元第 194 话html创建完成...
==> (2022, 8, 15, 0, 47, 15) | [log] Dr.STONE石纪元第 195 话html创建完成...
==> (2022, 8, 15, 0, 47, 15) | [log] Dr.STONE石纪元第 196 话html创建完成...
==> (2022, 8, 15, 0, 47, 15) | [log] Dr.STONE石纪元第 197 话html创建完成...
==> (2022, 8, 15, 0, 47, 15) | [log] Dr.STONE石纪元第 198 话html创建完成...
==> (2022, 8, 15, 0, 47, 15) | [log] Dr.STONE石纪元第 199 话html创建完成...
==> (2022, 8, 15, 0, 47, 15) | [log] Dr.STONE石纪元第 200 话html创建完成...
==> (2022, 8, 15, 0, 47, 15) | [log] Dr.STONE石纪元第 201 话html创建完成...
==> (2022, 8, 15, 0, 47, 15) | [log] Dr.STONE石纪元第 202 话html创建完成...
==> (2022, 8, 15, 0, 47, 15) | [log] Dr.STONE石纪元第 203 话html创建完成...
==> (2022, 8, 15, 0, 47, 15) | [log] Dr.STONE石纪元第 204 话html创建完成...
==> (2022, 8, 15, 0, 47, 15) | [log] Dr.STONE石纪元第 205 话html创建完成...
==> (2022, 8, 15, 0, 47, 15) | [log] Dr.STONE石纪元第 206 话html创建完成...
==> (2022, 8, 15, 0, 47, 15) | [log] Dr.STONE石纪元第 207 话html创建完成...
==> (2022, 8, 15, 0, 47, 15) | [log] Dr.STONE石纪元第 208 话html创建完成...
==> (2022, 8, 15, 0, 47, 15) | [log] Dr.STONE石纪元第 209 话html创建完成...
==> (2022, 8, 15, 0, 47, 15) | [log] Dr.STONE石纪元第 210 话html创建完成...
==> (2022, 8, 15, 0, 47, 15) | [log] Dr.STONE石纪元第 211 话html创建完成...
==> (2022, 8, 15, 0, 47, 15) | [log] Dr.STONE石纪元第 212 话html创建完成...
==> (2022, 8, 15, 0, 47, 15) | [log] Dr.STONE石纪元第 213 话html创建完成...
==> (2022, 8, 15, 0, 47, 15) | [log] Dr.STONE石纪元第 214 话html创建完成...
==> (2022, 8, 15, 0, 47, 15) | [log] Dr.STONE石纪元第 215 话html创建完成...
==> (2022, 8, 15, 0, 47, 15) | [log] Dr.STONE石纪元第 216 话html创建完成...
==> (2022, 8, 15, 0, 47, 15) | [log] Dr.STONE石纪元第 217 话html创建完成...
==> (2022, 8, 15, 0, 47, 15) | [log] Dr.STONE石纪元第 218 话html创建完成...
==> (2022, 8, 15, 0, 47, 15) | [log] Dr.STONE石纪元第 219 话html创建完成...
==> (2022, 8, 15, 0, 47, 15) | [log] Dr.STONE石纪元第 220 话html创建完成...
==> (2022, 8, 15, 0, 47, 15) | [log] Dr.STONE石纪元第 221 话html创建完成...
==> (2022, 8, 15, 0, 47, 15) | [log] Dr.STONE石纪元第 222 话html创建完成...
==> (2022, 8, 15, 0, 47, 15) | [log] Dr.STONE石纪元第 223 话html创建完成...
==> (2022, 8, 15, 0, 47, 15) | [log] Dr.STONE石纪元第 224 话html创建完成...
==> (2022, 8, 15, 0, 47, 15) | [log] Dr.STONE石纪元第 225 话html创建完成...
==> (2022, 8, 15, 0, 47, 15) | [log] Dr.STONE石纪元第 226 话html创建完成...
==> (2022, 8, 15, 0, 47, 15) | [log] Dr.STONE石纪元第 227 话html创建完成...
==> (2022, 8, 15, 0, 47, 15) | [log] Dr.STONE石纪元第 228 话html创建完成...
==> (2022, 8, 15, 0, 47, 15) | [log] Dr.STONE石纪元第 229 话html创建完成...
==> (2022, 8, 15, 0, 47, 15) | [log] Dr.STONE石纪元第 230 话html创建完成...
==> (2022, 8, 15, 0, 47, 15) | [log] Dr.STONE石纪元第 231 话html创建完成...
==> (2022, 8, 15, 0, 47, 15) | [log] Dr.STONE石纪元第 232 话html创建完成...
==> (2022, 8, 15, 0, 47, 15) | [log] Dr.STONE石纪元 全集html创建完成...
==> (2022, 8, 15, 0, 48, 5) | [MyEasylogger] MyEasylogger类被实例化
==> (2022, 8, 15, 0, 48, 5) | [MyEasylogger] MyEasylogger类被实例化
==> (2022, 8, 15, 0, 48, 5) | [debug] DrSTONEhtmls不存在, 创建成功
==> (2022, 8, 15, 0, 48, 5) | [log] Dr.STONE石纪元第 001 话html创建完成...
==> (2022, 8, 15, 0, 48, 5) | [log] Dr.STONE石纪元第 002 话html创建完成...
==> (2022, 8, 15, 0, 48, 5) | [log] Dr.STONE石纪元第 003 话html创建完成...
==> (2022, 8, 15, 0, 48, 5) | [log] Dr.STONE石纪元第 004 话html创建完成...
==> (2022, 8, 15, 0, 48, 5) | [log] Dr.STONE石纪元第 005 话html创建完成...
==> (2022, 8, 15, 0, 48, 5) | [log] Dr.STONE石纪元第 006 话html创建完成...
==> (2022, 8, 15, 0, 48, 5) | [log] Dr.STONE石纪元第 007 话html创建完成...
==> (2022, 8, 15, 0, 48, 5) | [log] Dr.STONE石纪元第 008 话html创建完成...
==> (2022, 8, 15, 0, 48, 5) | [log] Dr.STONE石纪元第 009 话html创建完成...
==> (2022, 8, 15, 0, 48, 5) | [log] Dr.STONE石纪元第 010 话html创建完成...
==> (2022, 8, 15, 0, 48, 5) | [log] Dr.STONE石纪元第 011 话html创建完成...
==> (2022, 8, 15, 0, 48, 5) | [log] Dr.STONE石纪元第 012 话html创建完成...
==> (2022, 8, 15, 0, 48, 5) | [log] Dr.STONE石纪元第 013 话html创建完成...
==> (2022, 8, 15, 0, 48, 5) | [log] Dr.STONE石纪元第 014 话html创建完成...
==> (2022, 8, 15, 0, 48, 5) | [log] Dr.STONE石纪元第 015 话html创建完成...
==> (2022, 8, 15, 0, 48, 5) | [log] Dr.STONE石纪元第 016 话html创建完成...
==> (2022, 8, 15, 0, 48, 5) | [log] Dr.STONE石纪元第 017 话html创建完成...
==> (2022, 8, 15, 0, 48, 5) | [log] Dr.STONE石纪元第 018 话html创建完成...
==> (2022, 8, 15, 0, 48, 5) | [log] Dr.STONE石纪元第 019 话html创建完成...
==> (2022, 8, 15, 0, 48, 5) | [log] Dr.STONE石纪元第 020 话html创建完成...
==> (2022, 8, 15, 0, 48, 5) | [log] Dr.STONE石纪元第 021 话html创建完成...
==> (2022, 8, 15, 0, 48, 5) | [log] Dr.STONE石纪元第 022 话html创建完成...
==> (2022, 8, 15, 0, 48, 5) | [log] Dr.STONE石纪元第 023 话html创建完成...
==> (2022, 8, 15, 0, 48, 5) | [log] Dr.STONE石纪元第 024 话html创建完成...
==> (2022, 8, 15, 0, 48, 5) | [log] Dr.STONE石纪元第 025 话html创建完成...
==> (2022, 8, 15, 0, 48, 5) | [log] Dr.STONE石纪元第 026 话html创建完成...
==> (2022, 8, 15, 0, 48, 5) | [log] Dr.STONE石纪元第 027 话html创建完成...
==> (2022, 8, 15, 0, 48, 5) | [log] Dr.STONE石纪元第 028 话html创建完成...
==> (2022, 8, 15, 0, 48, 5) | [log] Dr.STONE石纪元第 029 话html创建完成...
==> (2022, 8, 15, 0, 48, 5) | [log] Dr.STONE石纪元第 030 话html创建完成...
==> (2022, 8, 15, 0, 48, 5) | [log] Dr.STONE石纪元第 031 话html创建完成...
==> (2022, 8, 15, 0, 48, 5) | [log] Dr.STONE石纪元第 032 话html创建完成...
==> (2022, 8, 15, 0, 48, 5) | [log] Dr.STONE石纪元第 033 话html创建完成...
==> (2022, 8, 15, 0, 48, 5) | [log] Dr.STONE石纪元第 034 话html创建完成...
==> (2022, 8, 15, 0, 48, 5) | [log] Dr.STONE石纪元第 035 话html创建完成...
==> (2022, 8, 15, 0, 48, 5) | [log] Dr.STONE石纪元第 036 话html创建完成...
==> (2022, 8, 15, 0, 48, 5) | [log] Dr.STONE石纪元第 037 话html创建完成...
==> (2022, 8, 15, 0, 48, 5) | [log] Dr.STONE石纪元第 038 话html创建完成...
==> (2022, 8, 15, 0, 48, 5) | [log] Dr.STONE石纪元第 039 话html创建完成...
==> (2022, 8, 15, 0, 48, 5) | [log] Dr.STONE石纪元第 040 话html创建完成...
==> (2022, 8, 15, 0, 48, 5) | [log] Dr.STONE石纪元第 041 话html创建完成...
==> (2022, 8, 15, 0, 48, 5) | [log] Dr.STONE石纪元第 042 话html创建完成...
==> (2022, 8, 15, 0, 48, 5) | [log] Dr.STONE石纪元第 043 话html创建完成...
==> (2022, 8, 15, 0, 48, 5) | [log] Dr.STONE石纪元第 044 话html创建完成...
==> (2022, 8, 15, 0, 48, 5) | [log] Dr.STONE石纪元第 045 话html创建完成...
==> (2022, 8, 15, 0, 48, 5) | [log] Dr.STONE石纪元第 046 话html创建完成...
==> (2022, 8, 15, 0, 48, 5) | [log] Dr.STONE石纪元第 047 话html创建完成...
==> (2022, 8, 15, 0, 48, 5) | [log] Dr.STONE石纪元第 048 话html创建完成...
==> (2022, 8, 15, 0, 48, 5) | [log] Dr.STONE石纪元第 049 话html创建完成...
==> (2022, 8, 15, 0, 48, 5) | [log] Dr.STONE石纪元第 050 话html创建完成...
==> (2022, 8, 15, 0, 48, 5) | [log] Dr.STONE石纪元第 051 话html创建完成...
==> (2022, 8, 15, 0, 48, 5) | [log] Dr.STONE石纪元第 052 话html创建完成...
==> (2022, 8, 15, 0, 48, 5) | [log] Dr.STONE石纪元第 053 话html创建完成...
==> (2022, 8, 15, 0, 48, 5) | [log] Dr.STONE石纪元第 054 话html创建完成...
==> (2022, 8, 15, 0, 48, 5) | [log] Dr.STONE石纪元第 055 话html创建完成...
==> (2022, 8, 15, 0, 48, 5) | [log] Dr.STONE石纪元第 056 话html创建完成...
==> (2022, 8, 15, 0, 48, 5) | [log] Dr.STONE石纪元第 057 话html创建完成...
==> (2022, 8, 15, 0, 48, 5) | [log] Dr.STONE石纪元第 058 话html创建完成...
==> (2022, 8, 15, 0, 48, 5) | [log] Dr.STONE石纪元第 059 话html创建完成...
==> (2022, 8, 15, 0, 48, 5) | [log] Dr.STONE石纪元第 060 话html创建完成...
==> (2022, 8, 15, 0, 48, 5) | [log] Dr.STONE石纪元第 061 话html创建完成...
==> (2022, 8, 15, 0, 48, 5) | [log] Dr.STONE石纪元第 062 话html创建完成...
==> (2022, 8, 15, 0, 48, 5) | [log] Dr.STONE石纪元第 063 话html创建完成...
==> (2022, 8, 15, 0, 48, 5) | [log] Dr.STONE石纪元第 064 话html创建完成...
==> (2022, 8, 15, 0, 48, 5) | [log] Dr.STONE石纪元第 065 话html创建完成...
==> (2022, 8, 15, 0, 48, 5) | [log] Dr.STONE石纪元第 066 话html创建完成...
==> (2022, 8, 15, 0, 48, 5) | [log] Dr.STONE石纪元第 067 话html创建完成...
==> (2022, 8, 15, 0, 48, 5) | [log] Dr.STONE石纪元第 068 话html创建完成...
==> (2022, 8, 15, 0, 48, 5) | [log] Dr.STONE石纪元第 069 话html创建完成...
==> (2022, 8, 15, 0, 48, 5) | [log] Dr.STONE石纪元第 070 话html创建完成...
==> (2022, 8, 15, 0, 48, 5) | [log] Dr.STONE石纪元第 071 话html创建完成...
==> (2022, 8, 15, 0, 48, 5) | [log] Dr.STONE石纪元第 072 话html创建完成...
==> (2022, 8, 15, 0, 48, 5) | [log] Dr.STONE石纪元第 073 话html创建完成...
==> (2022, 8, 15, 0, 48, 5) | [log] Dr.STONE石纪元第 074 话html创建完成...
==> (2022, 8, 15, 0, 48, 5) | [log] Dr.STONE石纪元第 075 话html创建完成...
==> (2022, 8, 15, 0, 48, 5) | [log] Dr.STONE石纪元第 076 话html创建完成...
==> (2022, 8, 15, 0, 48, 5) | [log] Dr.STONE石纪元第 077 话html创建完成...
==> (2022, 8, 15, 0, 48, 5) | [log] Dr.STONE石纪元第 078 话html创建完成...
==> (2022, 8, 15, 0, 48, 5) | [log] Dr.STONE石纪元第 079 话html创建完成...
==> (2022, 8, 15, 0, 48, 5) | [log] Dr.STONE石纪元第 080 话html创建完成...
==> (2022, 8, 15, 0, 48, 5) | [log] Dr.STONE石纪元第 081 话html创建完成...
==> (2022, 8, 15, 0, 48, 5) | [log] Dr.STONE石纪元第 082 话html创建完成...
==> (2022, 8, 15, 0, 48, 5) | [log] Dr.STONE石纪元第 083 话html创建完成...
==> (2022, 8, 15, 0, 48, 5) | [log] Dr.STONE石纪元第 084 话html创建完成...
==> (2022, 8, 15, 0, 48, 5) | [log] Dr.STONE石纪元第 085 话html创建完成...
==> (2022, 8, 15, 0, 48, 5) | [log] Dr.STONE石纪元第 086 话html创建完成...
==> (2022, 8, 15, 0, 48, 5) | [log] Dr.STONE石纪元第 087 话html创建完成...
==> (2022, 8, 15, 0, 48, 5) | [log] Dr.STONE石纪元第 088 话html创建完成...
==> (2022, 8, 15, 0, 48, 5) | [log] Dr.STONE石纪元第 089 话html创建完成...
==> (2022, 8, 15, 0, 48, 5) | [log] Dr.STONE石纪元第 090 话html创建完成...
==> (2022, 8, 15, 0, 48, 5) | [log] Dr.STONE石纪元第 091 话html创建完成...
==> (2022, 8, 15, 0, 48, 5) | [log] Dr.STONE石纪元第 092 话html创建完成...
==> (2022, 8, 15, 0, 48, 5) | [log] Dr.STONE石纪元第 093 话html创建完成...
==> (2022, 8, 15, 0, 48, 5) | [log] Dr.STONE石纪元第 094 话html创建完成...
==> (2022, 8, 15, 0, 48, 5) | [log] Dr.STONE石纪元第 095 话html创建完成...
==> (2022, 8, 15, 0, 48, 5) | [log] Dr.STONE石纪元第 096 话html创建完成...
==> (2022, 8, 15, 0, 48, 5) | [log] Dr.STONE石纪元第 097 话html创建完成...
==> (2022, 8, 15, 0, 48, 5) | [log] Dr.STONE石纪元第 098 话html创建完成...
==> (2022, 8, 15, 0, 48, 5) | [log] Dr.STONE石纪元第 099 话html创建完成...
==> (2022, 8, 15, 0, 48, 5) | [log] Dr.STONE石纪元第 100 话html创建完成...
==> (2022, 8, 15, 0, 48, 5) | [log] Dr.STONE石纪元第 101 话html创建完成...
==> (2022, 8, 15, 0, 48, 5) | [log] Dr.STONE石纪元第 102 话html创建完成...
==> (2022, 8, 15, 0, 48, 5) | [log] Dr.STONE石纪元第 103 话html创建完成...
==> (2022, 8, 15, 0, 48, 5) | [log] Dr.STONE石纪元第 104 话html创建完成...
==> (2022, 8, 15, 0, 48, 5) | [log] Dr.STONE石纪元第 105 话html创建完成...
==> (2022, 8, 15, 0, 48, 5) | [log] Dr.STONE石纪元第 106 话html创建完成...
==> (2022, 8, 15, 0, 48, 5) | [log] Dr.STONE石纪元第 107 话html创建完成...
==> (2022, 8, 15, 0, 48, 5) | [log] Dr.STONE石纪元第 108 话html创建完成...
==> (2022, 8, 15, 0, 48, 5) | [log] Dr.STONE石纪元第 109 话html创建完成...
==> (2022, 8, 15, 0, 48, 5) | [log] Dr.STONE石纪元第 110 话html创建完成...
==> (2022, 8, 15, 0, 48, 5) | [log] Dr.STONE石纪元第 111 话html创建完成...
==> (2022, 8, 15, 0, 48, 5) | [log] Dr.STONE石纪元第 112 话html创建完成...
==> (2022, 8, 15, 0, 48, 5) | [log] Dr.STONE石纪元第 113 话html创建完成...
==> (2022, 8, 15, 0, 48, 5) | [log] Dr.STONE石纪元第 114 话html创建完成...
==> (2022, 8, 15, 0, 48, 5) | [log] Dr.STONE石纪元第 115 话html创建完成...
==> (2022, 8, 15, 0, 48, 5) | [log] Dr.STONE石纪元第 116 话html创建完成...
==> (2022, 8, 15, 0, 48, 5) | [log] Dr.STONE石纪元第 117 话html创建完成...
==> (2022, 8, 15, 0, 48, 5) | [log] Dr.STONE石纪元第 118 话html创建完成...
==> (2022, 8, 15, 0, 48, 5) | [log] Dr.STONE石纪元第 119 话html创建完成...
==> (2022, 8, 15, 0, 48, 5) | [log] Dr.STONE石纪元第 120 话html创建完成...
==> (2022, 8, 15, 0, 48, 5) | [log] Dr.STONE石纪元第 121 话html创建完成...
==> (2022, 8, 15, 0, 48, 5) | [log] Dr.STONE石纪元第 122 话html创建完成...
==> (2022, 8, 15, 0, 48, 5) | [log] Dr.STONE石纪元第 123 话html创建完成...
==> (2022, 8, 15, 0, 48, 5) | [log] Dr.STONE石纪元第 124 话html创建完成...
==> (2022, 8, 15, 0, 48, 5) | [log] Dr.STONE石纪元第 125 话html创建完成...
==> (2022, 8, 15, 0, 48, 5) | [log] Dr.STONE石纪元第 126 话html创建完成...
==> (2022, 8, 15, 0, 48, 5) | [log] Dr.STONE石纪元第 127 话html创建完成...
==> (2022, 8, 15, 0, 48, 5) | [log] Dr.STONE石纪元第 128 话html创建完成...
==> (2022, 8, 15, 0, 48, 5) | [log] Dr.STONE石纪元第 129 话html创建完成...
==> (2022, 8, 15, 0, 48, 5) | [log] Dr.STONE石纪元第 130 话html创建完成...
==> (2022, 8, 15, 0, 48, 5) | [log] Dr.STONE石纪元第 131 话html创建完成...
==> (2022, 8, 15, 0, 48, 5) | [log] Dr.STONE石纪元第 132 话html创建完成...
==> (2022, 8, 15, 0, 48, 5) | [log] Dr.STONE石纪元第 133 话html创建完成...
==> (2022, 8, 15, 0, 48, 5) | [log] Dr.STONE石纪元第 134 话html创建完成...
==> (2022, 8, 15, 0, 48, 5) | [log] Dr.STONE石纪元第 135 话html创建完成...
==> (2022, 8, 15, 0, 48, 5) | [log] Dr.STONE石纪元第 136 话html创建完成...
==> (2022, 8, 15, 0, 48, 5) | [log] Dr.STONE石纪元第 137 话html创建完成...
==> (2022, 8, 15, 0, 48, 5) | [log] Dr.STONE石纪元第 138 话html创建完成...
==> (2022, 8, 15, 0, 48, 5) | [log] Dr.STONE石纪元第 139 话html创建完成...
==> (2022, 8, 15, 0, 48, 5) | [log] Dr.STONE石纪元第 140 话html创建完成...
==> (2022, 8, 15, 0, 48, 5) | [log] Dr.STONE石纪元第 141 话html创建完成...
==> (2022, 8, 15, 0, 48, 5) | [log] Dr.STONE石纪元第 142 话html创建完成...
==> (2022, 8, 15, 0, 48, 5) | [log] Dr.STONE石纪元第 143 话html创建完成...
==> (2022, 8, 15, 0, 48, 5) | [log] Dr.STONE石纪元第 144 话html创建完成...
==> (2022, 8, 15, 0, 48, 5) | [log] Dr.STONE石纪元第 145 话html创建完成...
==> (2022, 8, 15, 0, 48, 5) | [log] Dr.STONE石纪元第 146 话html创建完成...
==> (2022, 8, 15, 0, 48, 5) | [log] Dr.STONE石纪元第 147 话html创建完成...
==> (2022, 8, 15, 0, 48, 5) | [log] Dr.STONE石纪元第 148 话html创建完成...
==> (2022, 8, 15, 0, 48, 5) | [log] Dr.STONE石纪元第 149 话html创建完成...
==> (2022, 8, 15, 0, 48, 5) | [log] Dr.STONE石纪元第 150 话html创建完成...
==> (2022, 8, 15, 0, 48, 5) | [log] Dr.STONE石纪元第 151 话html创建完成...
==> (2022, 8, 15, 0, 48, 5) | [log] Dr.STONE石纪元第 152 话html创建完成...
==> (2022, 8, 15, 0, 48, 5) | [log] Dr.STONE石纪元第 153 话html创建完成...
==> (2022, 8, 15, 0, 48, 5) | [log] Dr.STONE石纪元第 154 话html创建完成...
==> (2022, 8, 15, 0, 48, 5) | [log] Dr.STONE石纪元第 155 话html创建完成...
==> (2022, 8, 15, 0, 48, 5) | [log] Dr.STONE石纪元第 156 话html创建完成...
==> (2022, 8, 15, 0, 48, 5) | [log] Dr.STONE石纪元第 157 话html创建完成...
==> (2022, 8, 15, 0, 48, 5) | [log] Dr.STONE石纪元第 158 话html创建完成...
==> (2022, 8, 15, 0, 48, 5) | [log] Dr.STONE石纪元第 159 话html创建完成...
==> (2022, 8, 15, 0, 48, 5) | [log] Dr.STONE石纪元第 160 话html创建完成...
==> (2022, 8, 15, 0, 48, 5) | [log] Dr.STONE石纪元第 161 话html创建完成...
==> (2022, 8, 15, 0, 48, 5) | [log] Dr.STONE石纪元第 162 话html创建完成...
==> (2022, 8, 15, 0, 48, 5) | [log] Dr.STONE石纪元第 163 话html创建完成...
==> (2022, 8, 15, 0, 48, 5) | [log] Dr.STONE石纪元第 164 话html创建完成...
==> (2022, 8, 15, 0, 48, 5) | [log] Dr.STONE石纪元第 165 话html创建完成...
==> (2022, 8, 15, 0, 48, 5) | [log] Dr.STONE石纪元第 166 话html创建完成...
==> (2022, 8, 15, 0, 48, 5) | [log] Dr.STONE石纪元第 167 话html创建完成...
==> (2022, 8, 15, 0, 48, 5) | [log] Dr.STONE石纪元第 168 话html创建完成...
==> (2022, 8, 15, 0, 48, 5) | [log] Dr.STONE石纪元第 169 话html创建完成...
==> (2022, 8, 15, 0, 48, 5) | [log] Dr.STONE石纪元第 170 话html创建完成...
==> (2022, 8, 15, 0, 48, 5) | [log] Dr.STONE石纪元第 171 话html创建完成...
==> (2022, 8, 15, 0, 48, 5) | [log] Dr.STONE石纪元第 172 话html创建完成...
==> (2022, 8, 15, 0, 48, 5) | [log] Dr.STONE石纪元第 173 话html创建完成...
==> (2022, 8, 15, 0, 48, 5) | [log] Dr.STONE石纪元第 174 话html创建完成...
==> (2022, 8, 15, 0, 48, 5) | [log] Dr.STONE石纪元第 175 话html创建完成...
==> (2022, 8, 15, 0, 48, 5) | [log] Dr.STONE石纪元第 176 话html创建完成...
==> (2022, 8, 15, 0, 48, 5) | [log] Dr.STONE石纪元第 177 话html创建完成...
==> (2022, 8, 15, 0, 48, 5) | [log] Dr.STONE石纪元第 178 话html创建完成...
==> (2022, 8, 15, 0, 48, 5) | [log] Dr.STONE石纪元第 179 话html创建完成...
==> (2022, 8, 15, 0, 48, 5) | [log] Dr.STONE石纪元第 180 话html创建完成...
==> (2022, 8, 15, 0, 48, 5) | [log] Dr.STONE石纪元第 181 话html创建完成...
==> (2022, 8, 15, 0, 48, 5) | [log] Dr.STONE石纪元第 182 话html创建完成...
==> (2022, 8, 15, 0, 48, 5) | [log] Dr.STONE石纪元第 183 话html创建完成...
==> (2022, 8, 15, 0, 48, 5) | [log] Dr.STONE石纪元第 184 话html创建完成...
==> (2022, 8, 15, 0, 48, 5) | [log] Dr.STONE石纪元第 185 话html创建完成...
==> (2022, 8, 15, 0, 48, 5) | [log] Dr.STONE石纪元第 186 话html创建完成...
==> (2022, 8, 15, 0, 48, 5) | [log] Dr.STONE石纪元第 187 话html创建完成...
==> (2022, 8, 15, 0, 48, 5) | [log] Dr.STONE石纪元第 188 话html创建完成...
==> (2022, 8, 15, 0, 48, 5) | [log] Dr.STONE石纪元第 189 话html创建完成...
==> (2022, 8, 15, 0, 48, 5) | [log] Dr.STONE石纪元第 190 话html创建完成...
==> (2022, 8, 15, 0, 48, 5) | [log] Dr.STONE石纪元第 191 话html创建完成...
==> (2022, 8, 15, 0, 48, 5) | [log] Dr.STONE石纪元第 192 话html创建完成...
==> (2022, 8, 15, 0, 48, 5) | [log] Dr.STONE石纪元第 193 话html创建完成...
==> (2022, 8, 15, 0, 48, 5) | [log] Dr.STONE石纪元第 194 话html创建完成...
==> (2022, 8, 15, 0, 48, 5) | [log] Dr.STONE石纪元第 195 话html创建完成...
==> (2022, 8, 15, 0, 48, 5) | [log] Dr.STONE石纪元第 196 话html创建完成...
==> (2022, 8, 15, 0, 48, 5) | [log] Dr.STONE石纪元第 197 话html创建完成...
==> (2022, 8, 15, 0, 48, 5) | [log] Dr.STONE石纪元第 198 话html创建完成...
==> (2022, 8, 15, 0, 48, 5) | [log] Dr.STONE石纪元第 199 话html创建完成...
==> (2022, 8, 15, 0, 48, 5) | [log] Dr.STONE石纪元第 200 话html创建完成...
==> (2022, 8, 15, 0, 48, 5) | [log] Dr.STONE石纪元第 201 话html创建完成...
==> (2022, 8, 15, 0, 48, 5) | [log] Dr.STONE石纪元第 202 话html创建完成...
==> (2022, 8, 15, 0, 48, 5) | [log] Dr.STONE石纪元第 203 话html创建完成...
==> (2022, 8, 15, 0, 48, 5) | [log] Dr.STONE石纪元第 204 话html创建完成...
==> (2022, 8, 15, 0, 48, 5) | [log] Dr.STONE石纪元第 205 话html创建完成...
==> (2022, 8, 15, 0, 48, 5) | [log] Dr.STONE石纪元第 206 话html创建完成...
==> (2022, 8, 15, 0, 48, 5) | [log] Dr.STONE石纪元第 207 话html创建完成...
==> (2022, 8, 15, 0, 48, 5) | [log] Dr.STONE石纪元第 208 话html创建完成...
==> (2022, 8, 15, 0, 48, 5) | [log] Dr.STONE石纪元第 209 话html创建完成...
==> (2022, 8, 15, 0, 48, 5) | [log] Dr.STONE石纪元第 210 话html创建完成...
==> (2022, 8, 15, 0, 48, 5) | [log] Dr.STONE石纪元第 211 话html创建完成...
==> (2022, 8, 15, 0, 48, 5) | [log] Dr.STONE石纪元第 212 话html创建完成...
==> (2022, 8, 15, 0, 48, 5) | [log] Dr.STONE石纪元第 213 话html创建完成...
==> (2022, 8, 15, 0, 48, 5) | [log] Dr.STONE石纪元第 214 话html创建完成...
==> (2022, 8, 15, 0, 48, 5) | [log] Dr.STONE石纪元第 215 话html创建完成...
==> (2022, 8, 15, 0, 48, 5) | [log] Dr.STONE石纪元第 216 话html创建完成...
==> (2022, 8, 15, 0, 48, 5) | [log] Dr.STONE石纪元第 217 话html创建完成...
==> (2022, 8, 15, 0, 48, 5) | [log] Dr.STONE石纪元第 218 话html创建完成...
==> (2022, 8, 15, 0, 48, 5) | [log] Dr.STONE石纪元第 219 话html创建完成...
==> (2022, 8, 15, 0, 48, 5) | [log] Dr.STONE石纪元第 220 话html创建完成...
==> (2022, 8, 15, 0, 48, 5) | [log] Dr.STONE石纪元第 221 话html创建完成...
==> (2022, 8, 15, 0, 48, 5) | [log] Dr.STONE石纪元第 222 话html创建完成...
==> (2022, 8, 15, 0, 48, 5) | [log] Dr.STONE石纪元第 223 话html创建完成...
==> (2022, 8, 15, 0, 48, 5) | [log] Dr.STONE石纪元第 224 话html创建完成...
==> (2022, 8, 15, 0, 48, 5) | [log] Dr.STONE石纪元第 225 话html创建完成...
==> (2022, 8, 15, 0, 48, 5) | [log] Dr.STONE石纪元第 226 话html创建完成...
==> (2022, 8, 15, 0, 48, 5) | [log] Dr.STONE石纪元第 227 话html创建完成...
==> (2022, 8, 15, 0, 48, 5) | [log] Dr.STONE石纪元第 228 话html创建完成...
==> (2022, 8, 15, 0, 48, 5) | [log] Dr.STONE石纪元第 229 话html创建完成...
==> (2022, 8, 15, 0, 48, 5) | [log] Dr.STONE石纪元第 230 话html创建完成...
==> (2022, 8, 15, 0, 48, 5) | [log] Dr.STONE石纪元第 231 话html创建完成...
==> (2022, 8, 15, 0, 48, 5) | [log] Dr.STONE石纪元第 232 话html创建完成...
==> (2022, 8, 15, 0, 48, 5) | [log] Dr.STONE石纪元 全集html创建完成...
==> (2022, 8, 15, 0, 48, 34) | [MyEasylogger] MyEasylogger类被实例化
==> (2022, 8, 15, 0, 48, 34) | [MyEasylogger] MyEasylogger类被实例化
==> (2022, 8, 15, 0, 48, 34) | [debug] Dr.STONEhtmls不存在, 创建成功
==> (2022, 8, 15, 0, 48, 34) | [log] Dr.STONE石纪元第 001 话html创建完成...
==> (2022, 8, 15, 0, 48, 34) | [log] Dr.STONE石纪元第 002 话html创建完成...
==> (2022, 8, 15, 0, 48, 34) | [log] Dr.STONE石纪元第 003 话html创建完成...
==> (2022, 8, 15, 0, 48, 34) | [log] Dr.STONE石纪元第 004 话html创建完成...
==> (2022, 8, 15, 0, 48, 34) | [log] Dr.STONE石纪元第 005 话html创建完成...
==> (2022, 8, 15, 0, 48, 34) | [log] Dr.STONE石纪元第 006 话html创建完成...
==> (2022, 8, 15, 0, 48, 34) | [log] Dr.STONE石纪元第 007 话html创建完成...
==> (2022, 8, 15, 0, 48, 34) | [log] Dr.STONE石纪元第 008 话html创建完成...
==> (2022, 8, 15, 0, 48, 34) | [log] Dr.STONE石纪元第 009 话html创建完成...
==> (2022, 8, 15, 0, 48, 34) | [log] Dr.STONE石纪元第 010 话html创建完成...
==> (2022, 8, 15, 0, 48, 34) | [log] Dr.STONE石纪元第 011 话html创建完成...
==> (2022, 8, 15, 0, 48, 34) | [log] Dr.STONE石纪元第 012 话html创建完成...
==> (2022, 8, 15, 0, 48, 34) | [log] Dr.STONE石纪元第 013 话html创建完成...
==> (2022, 8, 15, 0, 48, 34) | [log] Dr.STONE石纪元第 014 话html创建完成...
==> (2022, 8, 15, 0, 48, 34) | [log] Dr.STONE石纪元第 015 话html创建完成...
==> (2022, 8, 15, 0, 48, 34) | [log] Dr.STONE石纪元第 016 话html创建完成...
==> (2022, 8, 15, 0, 48, 34) | [log] Dr.STONE石纪元第 017 话html创建完成...
==> (2022, 8, 15, 0, 48, 34) | [log] Dr.STONE石纪元第 018 话html创建完成...
==> (2022, 8, 15, 0, 48, 34) | [log] Dr.STONE石纪元第 019 话html创建完成...
==> (2022, 8, 15, 0, 48, 34) | [log] Dr.STONE石纪元第 020 话html创建完成...
==> (2022, 8, 15, 0, 48, 34) | [log] Dr.STONE石纪元第 021 话html创建完成...
==> (2022, 8, 15, 0, 48, 34) | [log] Dr.STONE石纪元第 022 话html创建完成...
==> (2022, 8, 15, 0, 48, 34) | [log] Dr.STONE石纪元第 023 话html创建完成...
==> (2022, 8, 15, 0, 48, 34) | [log] Dr.STONE石纪元第 024 话html创建完成...
==> (2022, 8, 15, 0, 48, 34) | [log] Dr.STONE石纪元第 025 话html创建完成...
==> (2022, 8, 15, 0, 48, 34) | [log] Dr.STONE石纪元第 026 话html创建完成...
==> (2022, 8, 15, 0, 48, 34) | [log] Dr.STONE石纪元第 027 话html创建完成...
==> (2022, 8, 15, 0, 48, 34) | [log] Dr.STONE石纪元第 028 话html创建完成...
==> (2022, 8, 15, 0, 48, 34) | [log] Dr.STONE石纪元第 029 话html创建完成...
==> (2022, 8, 15, 0, 48, 34) | [log] Dr.STONE石纪元第 030 话html创建完成...
==> (2022, 8, 15, 0, 48, 34) | [log] Dr.STONE石纪元第 031 话html创建完成...
==> (2022, 8, 15, 0, 48, 34) | [log] Dr.STONE石纪元第 032 话html创建完成...
==> (2022, 8, 15, 0, 48, 34) | [log] Dr.STONE石纪元第 033 话html创建完成...
==> (2022, 8, 15, 0, 48, 34) | [log] Dr.STONE石纪元第 034 话html创建完成...
==> (2022, 8, 15, 0, 48, 34) | [log] Dr.STONE石纪元第 035 话html创建完成...
==> (2022, 8, 15, 0, 48, 34) | [log] Dr.STONE石纪元第 036 话html创建完成...
==> (2022, 8, 15, 0, 48, 34) | [log] Dr.STONE石纪元第 037 话html创建完成...
==> (2022, 8, 15, 0, 48, 34) | [log] Dr.STONE石纪元第 038 话html创建完成...
==> (2022, 8, 15, 0, 48, 34) | [log] Dr.STONE石纪元第 039 话html创建完成...
==> (2022, 8, 15, 0, 48, 34) | [log] Dr.STONE石纪元第 040 话html创建完成...
==> (2022, 8, 15, 0, 48, 34) | [log] Dr.STONE石纪元第 041 话html创建完成...
==> (2022, 8, 15, 0, 48, 34) | [log] Dr.STONE石纪元第 042 话html创建完成...
==> (2022, 8, 15, 0, 48, 34) | [log] Dr.STONE石纪元第 043 话html创建完成...
==> (2022, 8, 15, 0, 48, 34) | [log] Dr.STONE石纪元第 044 话html创建完成...
==> (2022, 8, 15, 0, 48, 34) | [log] Dr.STONE石纪元第 045 话html创建完成...
==> (2022, 8, 15, 0, 48, 34) | [log] Dr.STONE石纪元第 046 话html创建完成...
==> (2022, 8, 15, 0, 48, 34) | [log] Dr.STONE石纪元第 047 话html创建完成...
==> (2022, 8, 15, 0, 48, 34) | [log] Dr.STONE石纪元第 048 话html创建完成...
==> (2022, 8, 15, 0, 48, 34) | [log] Dr.STONE石纪元第 049 话html创建完成...
==> (2022, 8, 15, 0, 48, 34) | [log] Dr.STONE石纪元第 050 话html创建完成...
==> (2022, 8, 15, 0, 48, 34) | [log] Dr.STONE石纪元第 051 话html创建完成...
==> (2022, 8, 15, 0, 48, 34) | [log] Dr.STONE石纪元第 052 话html创建完成...
==> (2022, 8, 15, 0, 48, 34) | [log] Dr.STONE石纪元第 053 话html创建完成...
==> (2022, 8, 15, 0, 48, 34) | [log] Dr.STONE石纪元第 054 话html创建完成...
==> (2022, 8, 15, 0, 48, 34) | [log] Dr.STONE石纪元第 055 话html创建完成...
==> (2022, 8, 15, 0, 48, 34) | [log] Dr.STONE石纪元第 056 话html创建完成...
==> (2022, 8, 15, 0, 48, 34) | [log] Dr.STONE石纪元第 057 话html创建完成...
==> (2022, 8, 15, 0, 48, 34) | [log] Dr.STONE石纪元第 058 话html创建完成...
==> (2022, 8, 15, 0, 48, 34) | [log] Dr.STONE石纪元第 059 话html创建完成...
==> (2022, 8, 15, 0, 48, 34) | [log] Dr.STONE石纪元第 060 话html创建完成...
==> (2022, 8, 15, 0, 48, 34) | [log] Dr.STONE石纪元第 061 话html创建完成...
==> (2022, 8, 15, 0, 48, 34) | [log] Dr.STONE石纪元第 062 话html创建完成...
==> (2022, 8, 15, 0, 48, 34) | [log] Dr.STONE石纪元第 063 话html创建完成...
==> (2022, 8, 15, 0, 48, 34) | [log] Dr.STONE石纪元第 064 话html创建完成...
==> (2022, 8, 15, 0, 48, 34) | [log] Dr.STONE石纪元第 065 话html创建完成...
==> (2022, 8, 15, 0, 48, 34) | [log] Dr.STONE石纪元第 066 话html创建完成...
==> (2022, 8, 15, 0, 48, 34) | [log] Dr.STONE石纪元第 067 话html创建完成...
==> (2022, 8, 15, 0, 48, 34) | [log] Dr.STONE石纪元第 068 话html创建完成...
==> (2022, 8, 15, 0, 48, 34) | [log] Dr.STONE石纪元第 069 话html创建完成...
==> (2022, 8, 15, 0, 48, 34) | [log] Dr.STONE石纪元第 070 话html创建完成...
==> (2022, 8, 15, 0, 48, 34) | [log] Dr.STONE石纪元第 071 话html创建完成...
==> (2022, 8, 15, 0, 48, 34) | [log] Dr.STONE石纪元第 072 话html创建完成...
==> (2022, 8, 15, 0, 48, 34) | [log] Dr.STONE石纪元第 073 话html创建完成...
==> (2022, 8, 15, 0, 48, 34) | [log] Dr.STONE石纪元第 074 话html创建完成...
==> (2022, 8, 15, 0, 48, 34) | [log] Dr.STONE石纪元第 075 话html创建完成...
==> (2022, 8, 15, 0, 48, 34) | [log] Dr.STONE石纪元第 076 话html创建完成...
==> (2022, 8, 15, 0, 48, 34) | [log] Dr.STONE石纪元第 077 话html创建完成...
==> (2022, 8, 15, 0, 48, 34) | [log] Dr.STONE石纪元第 078 话html创建完成...
==> (2022, 8, 15, 0, 48, 34) | [log] Dr.STONE石纪元第 079 话html创建完成...
==> (2022, 8, 15, 0, 48, 34) | [log] Dr.STONE石纪元第 080 话html创建完成...
==> (2022, 8, 15, 0, 48, 34) | [log] Dr.STONE石纪元第 081 话html创建完成...
==> (2022, 8, 15, 0, 48, 34) | [log] Dr.STONE石纪元第 082 话html创建完成...
==> (2022, 8, 15, 0, 48, 34) | [log] Dr.STONE石纪元第 083 话html创建完成...
==> (2022, 8, 15, 0, 48, 34) | [log] Dr.STONE石纪元第 084 话html创建完成...
==> (2022, 8, 15, 0, 48, 34) | [log] Dr.STONE石纪元第 085 话html创建完成...
==> (2022, 8, 15, 0, 48, 35) | [log] Dr.STONE石纪元第 086 话html创建完成...
==> (2022, 8, 15, 0, 48, 35) | [log] Dr.STONE石纪元第 087 话html创建完成...
==> (2022, 8, 15, 0, 48, 35) | [log] Dr.STONE石纪元第 088 话html创建完成...
==> (2022, 8, 15, 0, 48, 35) | [log] Dr.STONE石纪元第 089 话html创建完成...
==> (2022, 8, 15, 0, 48, 35) | [log] Dr.STONE石纪元第 090 话html创建完成...
==> (2022, 8, 15, 0, 48, 35) | [log] Dr.STONE石纪元第 091 话html创建完成...
==> (2022, 8, 15, 0, 48, 35) | [log] Dr.STONE石纪元第 092 话html创建完成...
==> (2022, 8, 15, 0, 48, 35) | [log] Dr.STONE石纪元第 093 话html创建完成...
==> (2022, 8, 15, 0, 48, 35) | [log] Dr.STONE石纪元第 094 话html创建完成...
==> (2022, 8, 15, 0, 48, 35) | [log] Dr.STONE石纪元第 095 话html创建完成...
==> (2022, 8, 15, 0, 48, 35) | [log] Dr.STONE石纪元第 096 话html创建完成...
==> (2022, 8, 15, 0, 48, 35) | [log] Dr.STONE石纪元第 097 话html创建完成...
==> (2022, 8, 15, 0, 48, 35) | [log] Dr.STONE石纪元第 098 话html创建完成...
==> (2022, 8, 15, 0, 48, 35) | [log] Dr.STONE石纪元第 099 话html创建完成...
==> (2022, 8, 15, 0, 48, 35) | [log] Dr.STONE石纪元第 100 话html创建完成...
==> (2022, 8, 15, 0, 48, 35) | [log] Dr.STONE石纪元第 101 话html创建完成...
==> (2022, 8, 15, 0, 48, 35) | [log] Dr.STONE石纪元第 102 话html创建完成...
==> (2022, 8, 15, 0, 48, 35) | [log] Dr.STONE石纪元第 103 话html创建完成...
==> (2022, 8, 15, 0, 48, 35) | [log] Dr.STONE石纪元第 104 话html创建完成...
==> (2022, 8, 15, 0, 48, 35) | [log] Dr.STONE石纪元第 105 话html创建完成...
==> (2022, 8, 15, 0, 48, 35) | [log] Dr.STONE石纪元第 106 话html创建完成...
==> (2022, 8, 15, 0, 48, 35) | [log] Dr.STONE石纪元第 107 话html创建完成...
==> (2022, 8, 15, 0, 48, 35) | [log] Dr.STONE石纪元第 108 话html创建完成...
==> (2022, 8, 15, 0, 48, 35) | [log] Dr.STONE石纪元第 109 话html创建完成...
==> (2022, 8, 15, 0, 48, 35) | [log] Dr.STONE石纪元第 110 话html创建完成...
==> (2022, 8, 15, 0, 48, 35) | [log] Dr.STONE石纪元第 111 话html创建完成...
==> (2022, 8, 15, 0, 48, 35) | [log] Dr.STONE石纪元第 112 话html创建完成...
==> (2022, 8, 15, 0, 48, 35) | [log] Dr.STONE石纪元第 113 话html创建完成...
==> (2022, 8, 15, 0, 48, 35) | [log] Dr.STONE石纪元第 114 话html创建完成...
==> (2022, 8, 15, 0, 48, 35) | [log] Dr.STONE石纪元第 115 话html创建完成...
==> (2022, 8, 15, 0, 48, 35) | [log] Dr.STONE石纪元第 116 话html创建完成...
==> (2022, 8, 15, 0, 48, 35) | [log] Dr.STONE石纪元第 117 话html创建完成...
==> (2022, 8, 15, 0, 48, 35) | [log] Dr.STONE石纪元第 118 话html创建完成...
==> (2022, 8, 15, 0, 48, 35) | [log] Dr.STONE石纪元第 119 话html创建完成...
==> (2022, 8, 15, 0, 48, 35) | [log] Dr.STONE石纪元第 120 话html创建完成...
==> (2022, 8, 15, 0, 48, 35) | [log] Dr.STONE石纪元第 121 话html创建完成...
==> (2022, 8, 15, 0, 48, 35) | [log] Dr.STONE石纪元第 122 话html创建完成...
==> (2022, 8, 15, 0, 48, 35) | [log] Dr.STONE石纪元第 123 话html创建完成...
==> (2022, 8, 15, 0, 48, 35) | [log] Dr.STONE石纪元第 124 话html创建完成...
==> (2022, 8, 15, 0, 48, 35) | [log] Dr.STONE石纪元第 125 话html创建完成...
==> (2022, 8, 15, 0, 48, 35) | [log] Dr.STONE石纪元第 126 话html创建完成...
==> (2022, 8, 15, 0, 48, 35) | [log] Dr.STONE石纪元第 127 话html创建完成...
==> (2022, 8, 15, 0, 48, 35) | [log] Dr.STONE石纪元第 128 话html创建完成...
==> (2022, 8, 15, 0, 48, 35) | [log] Dr.STONE石纪元第 129 话html创建完成...
==> (2022, 8, 15, 0, 48, 35) | [log] Dr.STONE石纪元第 130 话html创建完成...
==> (2022, 8, 15, 0, 48, 35) | [log] Dr.STONE石纪元第 131 话html创建完成...
==> (2022, 8, 15, 0, 48, 35) | [log] Dr.STONE石纪元第 132 话html创建完成...
==> (2022, 8, 15, 0, 48, 35) | [log] Dr.STONE石纪元第 133 话html创建完成...
==> (2022, 8, 15, 0, 48, 35) | [log] Dr.STONE石纪元第 134 话html创建完成...
==> (2022, 8, 15, 0, 48, 35) | [log] Dr.STONE石纪元第 135 话html创建完成...
==> (2022, 8, 15, 0, 48, 35) | [log] Dr.STONE石纪元第 136 话html创建完成...
==> (2022, 8, 15, 0, 48, 35) | [log] Dr.STONE石纪元第 137 话html创建完成...
==> (2022, 8, 15, 0, 48, 35) | [log] Dr.STONE石纪元第 138 话html创建完成...
==> (2022, 8, 15, 0, 48, 35) | [log] Dr.STONE石纪元第 139 话html创建完成...
==> (2022, 8, 15, 0, 48, 35) | [log] Dr.STONE石纪元第 140 话html创建完成...
==> (2022, 8, 15, 0, 48, 35) | [log] Dr.STONE石纪元第 141 话html创建完成...
==> (2022, 8, 15, 0, 48, 35) | [log] Dr.STONE石纪元第 142 话html创建完成...
==> (2022, 8, 15, 0, 48, 35) | [log] Dr.STONE石纪元第 143 话html创建完成...
==> (2022, 8, 15, 0, 48, 35) | [log] Dr.STONE石纪元第 144 话html创建完成...
==> (2022, 8, 15, 0, 48, 35) | [log] Dr.STONE石纪元第 145 话html创建完成...
==> (2022, 8, 15, 0, 48, 35) | [log] Dr.STONE石纪元第 146 话html创建完成...
==> (2022, 8, 15, 0, 48, 35) | [log] Dr.STONE石纪元第 147 话html创建完成...
==> (2022, 8, 15, 0, 48, 35) | [log] Dr.STONE石纪元第 148 话html创建完成...
==> (2022, 8, 15, 0, 48, 35) | [log] Dr.STONE石纪元第 149 话html创建完成...
==> (2022, 8, 15, 0, 48, 35) | [log] Dr.STONE石纪元第 150 话html创建完成...
==> (2022, 8, 15, 0, 48, 35) | [log] Dr.STONE石纪元第 151 话html创建完成...
==> (2022, 8, 15, 0, 48, 35) | [log] Dr.STONE石纪元第 152 话html创建完成...
==> (2022, 8, 15, 0, 48, 35) | [log] Dr.STONE石纪元第 153 话html创建完成...
==> (2022, 8, 15, 0, 48, 35) | [log] Dr.STONE石纪元第 154 话html创建完成...
==> (2022, 8, 15, 0, 48, 35) | [log] Dr.STONE石纪元第 155 话html创建完成...
==> (2022, 8, 15, 0, 48, 35) | [log] Dr.STONE石纪元第 156 话html创建完成...
==> (2022, 8, 15, 0, 48, 35) | [log] Dr.STONE石纪元第 157 话html创建完成...
==> (2022, 8, 15, 0, 48, 35) | [log] Dr.STONE石纪元第 158 话html创建完成...
==> (2022, 8, 15, 0, 48, 35) | [log] Dr.STONE石纪元第 159 话html创建完成...
==> (2022, 8, 15, 0, 48, 35) | [log] Dr.STONE石纪元第 160 话html创建完成...
==> (2022, 8, 15, 0, 48, 35) | [log] Dr.STONE石纪元第 161 话html创建完成...
==> (2022, 8, 15, 0, 48, 35) | [log] Dr.STONE石纪元第 162 话html创建完成...
==> (2022, 8, 15, 0, 48, 35) | [log] Dr.STONE石纪元第 163 话html创建完成...
==> (2022, 8, 15, 0, 48, 35) | [log] Dr.STONE石纪元第 164 话html创建完成...
==> (2022, 8, 15, 0, 48, 35) | [log] Dr.STONE石纪元第 165 话html创建完成...
==> (2022, 8, 15, 0, 48, 35) | [log] Dr.STONE石纪元第 166 话html创建完成...
==> (2022, 8, 15, 0, 48, 35) | [log] Dr.STONE石纪元第 167 话html创建完成...
==> (2022, 8, 15, 0, 48, 35) | [log] Dr.STONE石纪元第 168 话html创建完成...
==> (2022, 8, 15, 0, 48, 35) | [log] Dr.STONE石纪元第 169 话html创建完成...
==> (2022, 8, 15, 0, 48, 35) | [log] Dr.STONE石纪元第 170 话html创建完成...
==> (2022, 8, 15, 0, 48, 35) | [log] Dr.STONE石纪元第 171 话html创建完成...
==> (2022, 8, 15, 0, 48, 35) | [log] Dr.STONE石纪元第 172 话html创建完成...
==> (2022, 8, 15, 0, 48, 35) | [log] Dr.STONE石纪元第 173 话html创建完成...
==> (2022, 8, 15, 0, 48, 35) | [log] Dr.STONE石纪元第 174 话html创建完成...
==> (2022, 8, 15, 0, 48, 35) | [log] Dr.STONE石纪元第 175 话html创建完成...
==> (2022, 8, 15, 0, 48, 35) | [log] Dr.STONE石纪元第 176 话html创建完成...
==> (2022, 8, 15, 0, 48, 35) | [log] Dr.STONE石纪元第 177 话html创建完成...
==> (2022, 8, 15, 0, 48, 35) | [log] Dr.STONE石纪元第 178 话html创建完成...
==> (2022, 8, 15, 0, 48, 35) | [log] Dr.STONE石纪元第 179 话html创建完成...
==> (2022, 8, 15, 0, 48, 35) | [log] Dr.STONE石纪元第 180 话html创建完成...
==> (2022, 8, 15, 0, 48, 35) | [log] Dr.STONE石纪元第 181 话html创建完成...
==> (2022, 8, 15, 0, 48, 35) | [log] Dr.STONE石纪元第 182 话html创建完成...
==> (2022, 8, 15, 0, 48, 35) | [log] Dr.STONE石纪元第 183 话html创建完成...
==> (2022, 8, 15, 0, 48, 35) | [log] Dr.STONE石纪元第 184 话html创建完成...
==> (2022, 8, 15, 0, 48, 35) | [log] Dr.STONE石纪元第 185 话html创建完成...
==> (2022, 8, 15, 0, 48, 35) | [log] Dr.STONE石纪元第 186 话html创建完成...
==> (2022, 8, 15, 0, 48, 35) | [log] Dr.STONE石纪元第 187 话html创建完成...
==> (2022, 8, 15, 0, 48, 35) | [log] Dr.STONE石纪元第 188 话html创建完成...
==> (2022, 8, 15, 0, 48, 35) | [log] Dr.STONE石纪元第 189 话html创建完成...
==> (2022, 8, 15, 0, 48, 35) | [log] Dr.STONE石纪元第 190 话html创建完成...
==> (2022, 8, 15, 0, 48, 35) | [log] Dr.STONE石纪元第 191 话html创建完成...
==> (2022, 8, 15, 0, 48, 35) | [log] Dr.STONE石纪元第 192 话html创建完成...
==> (2022, 8, 15, 0, 48, 35) | [log] Dr.STONE石纪元第 193 话html创建完成...
==> (2022, 8, 15, 0, 48, 35) | [log] Dr.STONE石纪元第 194 话html创建完成...
==> (2022, 8, 15, 0, 48, 35) | [log] Dr.STONE石纪元第 195 话html创建完成...
==> (2022, 8, 15, 0, 48, 35) | [log] Dr.STONE石纪元第 196 话html创建完成...
==> (2022, 8, 15, 0, 48, 35) | [log] Dr.STONE石纪元第 197 话html创建完成...
==> (2022, 8, 15, 0, 48, 35) | [log] Dr.STONE石纪元第 198 话html创建完成...
==> (2022, 8, 15, 0, 48, 35) | [log] Dr.STONE石纪元第 199 话html创建完成...
==> (2022, 8, 15, 0, 48, 35) | [log] Dr.STONE石纪元第 200 话html创建完成...
==> (2022, 8, 15, 0, 48, 35) | [log] Dr.STONE石纪元第 201 话html创建完成...
==> (2022, 8, 15, 0, 48, 35) | [log] Dr.STONE石纪元第 202 话html创建完成...
==> (2022, 8, 15, 0, 48, 35) | [log] Dr.STONE石纪元第 203 话html创建完成...
==> (2022, 8, 15, 0, 48, 35) | [log] Dr.STONE石纪元第 204 话html创建完成...
==> (2022, 8, 15, 0, 48, 35) | [log] Dr.STONE石纪元第 205 话html创建完成...
==> (2022, 8, 15, 0, 48, 35) | [log] Dr.STONE石纪元第 206 话html创建完成...
==> (2022, 8, 15, 0, 48, 35) | [log] Dr.STONE石纪元第 207 话html创建完成...
==> (2022, 8, 15, 0, 48, 35) | [log] Dr.STONE石纪元第 208 话html创建完成...
==> (2022, 8, 15, 0, 48, 35) | [log] Dr.STONE石纪元第 209 话html创建完成...
==> (2022, 8, 15, 0, 48, 35) | [log] Dr.STONE石纪元第 210 话html创建完成...
==> (2022, 8, 15, 0, 48, 35) | [log] Dr.STONE石纪元第 211 话html创建完成...
==> (2022, 8, 15, 0, 48, 35) | [log] Dr.STONE石纪元第 212 话html创建完成...
==> (2022, 8, 15, 0, 48, 35) | [log] Dr.STONE石纪元第 213 话html创建完成...
==> (2022, 8, 15, 0, 48, 35) | [log] Dr.STONE石纪元第 214 话html创建完成...
==> (2022, 8, 15, 0, 48, 35) | [log] Dr.STONE石纪元第 215 话html创建完成...
==> (2022, 8, 15, 0, 48, 35) | [log] Dr.STONE石纪元第 216 话html创建完成...
==> (2022, 8, 15, 0, 48, 35) | [log] Dr.STONE石纪元第 217 话html创建完成...
==> (2022, 8, 15, 0, 48, 35) | [log] Dr.STONE石纪元第 218 话html创建完成...
==> (2022, 8, 15, 0, 48, 35) | [log] Dr.STONE石纪元第 219 话html创建完成...
==> (2022, 8, 15, 0, 48, 35) | [log] Dr.STONE石纪元第 220 话html创建完成...
==> (2022, 8, 15, 0, 48, 35) | [log] Dr.STONE石纪元第 221 话html创建完成...
==> (2022, 8, 15, 0, 48, 35) | [log] Dr.STONE石纪元第 222 话html创建完成...
==> (2022, 8, 15, 0, 48, 35) | [log] Dr.STONE石纪元第 223 话html创建完成...
==> (2022, 8, 15, 0, 48, 35) | [log] Dr.STONE石纪元第 224 话html创建完成...
==> (2022, 8, 15, 0, 48, 35) | [log] Dr.STONE石纪元第 225 话html创建完成...
==> (2022, 8, 15, 0, 48, 35) | [log] Dr.STONE石纪元第 226 话html创建完成...
==> (2022, 8, 15, 0, 48, 35) | [log] Dr.STONE石纪元第 227 话html创建完成...
==> (2022, 8, 15, 0, 48, 35) | [log] Dr.STONE石纪元第 228 话html创建完成...
==> (2022, 8, 15, 0, 48, 35) | [log] Dr.STONE石纪元第 229 话html创建完成...
==> (2022, 8, 15, 0, 48, 35) | [log] Dr.STONE石纪元第 230 话html创建完成...
==> (2022, 8, 15, 0, 48, 35) | [log] Dr.STONE石纪元第 231 话html创建完成...
==> (2022, 8, 15, 0, 48, 35) | [log] Dr.STONE石纪元第 232 话html创建完成...
==> (2022, 8, 15, 0, 48, 35) | [log] Dr.STONE石纪元 全集html创建完成...
